<?xml version="1.0" encoding="UTF-8"?>
<!-- Generated by org.testng.reporters.JUnitReportReporter -->
<testsuite hostname="LESLCDSMROSA" failures="0" tests="1" name="com.webapp.test.HomeTest" time="8.955" errors="0" timestamp="2023-09-06T11:47:18 CST" skipped="0">
  <testcase classname="com.webapp.test.HomeTest" name="stepsToPerform" time="8.955"/>
</testsuite> <!-- com.webapp.test.HomeTest -->
