<?xml version="1.0" encoding="UTF-8"?>
<!-- Generated by org.testng.reporters.JUnitReportReporter -->
<testsuite hostname="LESLCDSMROSA" failures="0" tests="1" name="com.webapp.test.HomeTest" time="7.934" errors="0" timestamp="2023-09-06T10:38:06 CST" skipped="0">
  <testcase classname="com.webapp.test.HomeTest" name="f" time="7.934"/>
</testsuite> <!-- com.webapp.test.HomeTest -->
